05.07.2016 12:56:04 - alarmdisplay    [DEBUG   ] Alarmdisplay has started
05.07.2016 12:56:04 - alarmdisplay    [DEBUG   ] Logfiles cleared
05.07.2016 12:56:04 - alarmdisplay    [DEBUG   ] SW Version:    1.5
05.07.2016 12:56:04 - alarmdisplay    [DEBUG   ] Build Date:    2016/07/05
05.07.2016 12:56:04 - alarmdisplay    [DEBUG   ] Alarmdisplay givven arguments
05.07.2016 12:56:04 - alarmdisplay    [DEBUG   ]  - Test-Mode!
05.07.2016 12:56:04 - alarmdisplay    [DEBUG   ]  - Frequency: 142.0
05.07.2016 12:56:04 - alarmdisplay    [DEBUG   ]  - Demod: POC1200
05.07.2016 12:56:04 - alarmdisplay    [DEBUG   ]  - Verbose Mode: True
05.07.2016 12:56:04 - alarmdisplay    [DEBUG   ]  - Quiet Mode: False
05.07.2016 12:56:04 - alarmdisplay    [WARNING ] !!! We are in Test-Mode !!!
05.07.2016 12:56:04 - alarmdisplay    [DEBUG   ] reading config file
05.07.2016 12:56:04 - alarmdisplay    [DEBUG   ]  - Alarmdisplay:
05.07.2016 12:56:04 - alarmdisplay    [DEBUG   ]  -- loglevel = 10
05.07.2016 12:56:04 - alarmdisplay    [DEBUG   ]  -- backupcount = 7
05.07.2016 12:56:04 - alarmdisplay    [DEBUG   ]  -- useregexfilter = 1
05.07.2016 12:56:04 - alarmdisplay    [DEBUG   ]  -- doublefilter_ignore_entries = 10
05.07.2016 12:56:04 - alarmdisplay    [DEBUG   ]  -- doublefilter_ignore_time = 5
05.07.2016 12:56:04 - alarmdisplay    [DEBUG   ]  -- doublefilter_check_msg = 1
05.07.2016 12:56:04 - alarmdisplay    [DEBUG   ]  - POC:
05.07.2016 12:56:04 - alarmdisplay    [DEBUG   ]  -- allow_ric = 
05.07.2016 12:56:04 - alarmdisplay    [DEBUG   ]  -- deny_ric = 
05.07.2016 12:56:04 - alarmdisplay    [DEBUG   ]  -- filter_range_start = 0000000
05.07.2016 12:56:04 - alarmdisplay    [DEBUG   ]  -- filter_range_end = 9999999
05.07.2016 12:56:04 - alarmdisplay    [DEBUG   ]  -- iddescribed = 1
05.07.2016 12:56:04 - alarmdisplay    [DEBUG   ]  -- keyworddescribed = 1
05.07.2016 12:56:04 - alarmdisplay    [DEBUG   ] set loglevel of fileHandler to: 10
05.07.2016 12:56:04 - alarmdisplay    [DEBUG   ] set backupCount of fileHandler to: 7
05.07.2016 12:56:04 - pluginLoader    [DEBUG   ] loading plugins
05.07.2016 12:56:04 - pluginLoader    [DEBUG   ] Search in plugin folder
05.07.2016 12:56:04 - pluginLoader    [DEBUG   ] Plugin [DISABLED] mysql 
05.07.2016 12:56:04 - pluginLoader    [DEBUG   ] Plugin [DISABLED] push 
05.07.2016 12:56:04 - pluginLoader    [DEBUG   ] Plugin [DISABLED] sqlite 
05.07.2016 12:56:04 - filter          [DEBUG   ] loading filters
05.07.2016 12:56:04 - filter          [DEBUG   ]  - nokbf = POC;msg;*;*;^((?!\(KBF.*\)).)*$
05.07.2016 12:56:04 - description_list [DEBUG   ] loading description list
05.07.2016 12:56:04 - description_list [DEBUG   ] - load pocsag description list
05.07.2016 12:56:04 - description_list [DEBUG   ] -- loading poc.csv
05.07.2016 12:56:04 - description_list [DEBUG   ] {'ric': '#', 'description': None}
05.07.2016 12:56:04 - description_list [DEBUG   ] {'ric': '# CSV file for describing POCSAG-Addresses', 'description': None}
05.07.2016 12:56:04 - description_list [DEBUG   ] {'ric': '#', 'description': None}
05.07.2016 12:56:04 - description_list [DEBUG   ] {'ric': '# For each RIC-Address you could set a description-text', 'description': None}
05.07.2016 12:56:04 - description_list [DEBUG   ] {'ric': '# Use the structure: ric', 'description': 'Description-Text'}
05.07.2016 12:56:04 - description_list [DEBUG   ] {'ric': '#', 'description': None}
05.07.2016 12:56:04 - description_list [DEBUG   ] {'ric': '# !!! DO NOT delete the first line !!!', 'description': None}
05.07.2016 12:56:04 - description_list [DEBUG   ] {'ric': '#', 'description': None}
05.07.2016 12:56:04 - description_list [DEBUG   ] {'ric': '1234567', 'description': 'POCSAG testdata'}
05.07.2016 12:56:04 - description_list [DEBUG   ] -- loading csv finished
05.07.2016 12:56:04 - keyword_list    [DEBUG   ] loading description list
05.07.2016 12:56:04 - keyword_list    [DEBUG   ] - load keyword description list
05.07.2016 12:56:04 - keyword_list    [DEBUG   ] -- loading keywords.csv
05.07.2016 12:56:04 - keyword_list    [DEBUG   ] {'type': '#', 'description': None, 'keyword': None}
05.07.2016 12:56:04 - keyword_list    [DEBUG   ] {'type': '# CSV file for describing Alarm Keywords', 'description': None, 'keyword': None}
05.07.2016 12:56:04 - keyword_list    [DEBUG   ] {'type': '#', 'description': None, 'keyword': None}
05.07.2016 12:56:04 - keyword_list    [DEBUG   ] {'type': '# For each Keyword you could set a description-text', 'description': None, 'keyword': None}
05.07.2016 12:56:04 - keyword_list    [DEBUG   ] {'type': '# Use the structure: "Type"', 'description': 'Description-Text', 'keyword': 'Keyword'}
05.07.2016 12:56:04 - keyword_list    [DEBUG   ] {'type': '#', 'description': None, 'keyword': None}
05.07.2016 12:56:04 - keyword_list    [DEBUG   ] {'type': '# !!! DO NOT delete the first line !!!', 'description': None, 'keyword': None}
05.07.2016 12:56:04 - keyword_list    [DEBUG   ] {'type': '#', 'description': None, 'keyword': None}
05.07.2016 12:56:04 - keyword_list    [DEBUG   ] {'type': 'GSA', 'description': 'Test Alarm Keyword', 'keyword': 'TEST'}
05.07.2016 12:56:04 - keyword_list    [DEBUG   ] {'type': 'GSA', 'description': 'Feuer gel\xc3\xb6scht', 'keyword': 'FEU AUS'}
05.07.2016 12:56:04 - keyword_list    [DEBUG   ] {'type': 'GSA', 'description': 'Feuer klein', 'keyword': 'FEU K'}
05.07.2016 12:56:04 - keyword_list    [DEBUG   ] {'type': 'GSA', 'description': 'Feuer', 'keyword': 'FEU'}
05.07.2016 12:56:04 - keyword_list    [DEBUG   ] {'type': 'GSA', 'description': 'Feuer gro\xc3\x9f', 'keyword': 'FEU G'}
05.07.2016 12:56:04 - keyword_list    [DEBUG   ] {'type': 'GSA', 'description': 'Feuer 2 L\xc3\xb6schz\xc3\xbcge', 'keyword': 'FEU 2'}
05.07.2016 12:56:04 - keyword_list    [DEBUG   ] {'type': 'GSA', 'description': 'Feuer 3 L\xc3\xb6schz\xc3\xbcge', 'keyword': 'FEU 3'}
05.07.2016 12:56:04 - keyword_list    [DEBUG   ] {'type': 'GSA', 'description': 'Feuer 4 L\xc3\xb6schz\xc3\xbcge', 'keyword': 'FEU 4'}
05.07.2016 12:56:04 - keyword_list    [DEBUG   ] {'type': 'GSA', 'description': 'Feuer 5 L\xc3\xb6schz\xc3\xbcge', 'keyword': 'FEU 5'}
05.07.2016 12:56:04 - keyword_list    [DEBUG   ] {'type': 'GSA', 'description': 'Feuer 6 L\xc3\xb6schz\xc3\xbcge', 'keyword': 'FEU 6'}
05.07.2016 12:56:04 - keyword_list    [DEBUG   ] {'type': 'GSA', 'description': 'Feuer 7 L\xc3\xb6schz\xc3\xbcge', 'keyword': 'FEU 7'}
05.07.2016 12:56:04 - keyword_list    [DEBUG   ] {'type': 'GSA', 'description': 'Technische Hilfeleistung klein', 'keyword': 'TH K'}
05.07.2016 12:56:04 - keyword_list    [DEBUG   ] {'type': 'GSA', 'description': 'Technische Hilfeleistung', 'keyword': 'TH'}
05.07.2016 12:56:04 - keyword_list    [DEBUG   ] {'type': 'GSA', 'description': 'Technische Hilfeleistung gro\xc3\x9f', 'keyword': 'TH G'}
05.07.2016 12:56:04 - keyword_list    [DEBUG   ] {'type': 'GSA', 'description': 'Technische Hilfeleistung 2 R\xc3\xbcstz\xc3\xbcge', 'keyword': 'TH 2'}
05.07.2016 12:56:04 - keyword_list    [DEBUG   ] {'type': 'GSA', 'description': 'Technische Hilfeleistung 3 R\xc3\xbcstz\xc3\xbcge', 'keyword': 'TH 3'}
05.07.2016 12:56:04 - keyword_list    [DEBUG   ] {'type': 'GSA', 'description': 'Technische Hilfeleistung 4 R\xc3\xbcstz\xc3\xbcge', 'keyword': 'TH 4'}
05.07.2016 12:56:04 - keyword_list    [DEBUG   ] {'type': 'GSA', 'description': 'Technische Hilfeleistung 5 R\xc3\xbcstz\xc3\xbcge', 'keyword': 'TH 5'}
05.07.2016 12:56:04 - keyword_list    [DEBUG   ] {'type': 'GSA', 'description': 'Technische Hilfeleistung Austritt von Betriebsstoffen klein', 'keyword': 'THAUST K'}
05.07.2016 12:56:04 - keyword_list    [DEBUG   ] {'type': 'GSA', 'description': 'Technische Hilfeleistung Austritt von Betriebsstoffen', 'keyword': 'THAUST'}
05.07.2016 12:56:04 - keyword_list    [DEBUG   ] {'type': 'GSA', 'description': 'Technische Hilfeleistung Austritt von Betriebsstoffen gro\xc3\x9f', 'keyword': 'THAUST G'}
05.07.2016 12:56:04 - keyword_list    [DEBUG   ] {'type': 'GSA', 'description': 'Technische Hilfeleistung Gegenstand droht zu fallen', 'keyword': 'THDRZ'}
05.07.2016 12:56:04 - keyword_list    [DEBUG   ] {'type': 'GSA', 'description': 'Technische Hilfeleistung Gasaustritt', 'keyword': 'THGAS'}
05.07.2016 12:56:04 - keyword_list    [DEBUG   ] {'type': 'GSA', 'description': 'Technische Hilfeleistung Kampfmittel-/Bombenfund', 'keyword': 'THKMF'}
05.07.2016 12:56:04 - keyword_list    [DEBUG   ] {'type': 'GSA', 'description': 'Technische Hilfeleistung, Person droht zu springen', 'keyword': 'THPDRZS'}
05.07.2016 12:56:04 - keyword_list    [DEBUG   ] {'type': 'GSA', 'description': 'Technische Hilfeleistung, Tier in Notlage', 'keyword': 'THTIER'}
05.07.2016 12:56:04 - keyword_list    [DEBUG   ] {'type': 'GSA', 'description': 'Nicht in Leitrechner', 'keyword': 'NIL'}
05.07.2016 12:56:04 - keyword_list    [DEBUG   ] {'type': 'GSA', 'description': 'Dienstfahrt', 'keyword': 'DF'}
05.07.2016 12:56:04 - keyword_list    [DEBUG   ] {'type': 'GSA', 'description': 'Technische Hilfeleistung im Ausnahme-zustand', 'keyword': 'AUSN'}
05.07.2016 12:56:04 - keyword_list    [DEBUG   ] {'type': 'GSA', 'description': 'Technische Hilfeleistung im Ausnahmezustand, Gegenstand droht zu fallen - Wachalarm', 'keyword': 'AUSN WAL'}
05.07.2016 12:56:04 - keyword_list    [DEBUG   ] {'type': 'GSA', 'description': 'Notfalleinsatz klein', 'keyword': 'NOTF K'}
05.07.2016 12:56:04 - keyword_list    [DEBUG   ] {'type': 'GSA', 'description': 'Notfalleinsatz RTW', 'keyword': 'NOTF'}
05.07.2016 12:56:04 - keyword_list    [DEBUG   ] {'type': 'GSA', 'description': 'Krankenbef\xc3\xb6rderung', 'keyword': 'KBF'}
05.07.2016 12:56:04 - keyword_list    [DEBUG   ] {'type': 'GSA', 'description': 'Organisationsfahrt"', 'keyword': 'ORG'}
05.07.2016 12:56:04 - keyword_list    [DEBUG   ] {'type': 'EW', 'description': 'im Bahnbereich', 'keyword': 'BAHN'}
05.07.2016 12:56:04 - keyword_list    [DEBUG   ] {'type': 'EW', 'description': 'Brandmeldeanlage', 'keyword': 'BMA'}
05.07.2016 12:56:04 - keyword_list    [DEBUG   ] {'type': 'EW', 'description': 'auf einem Boot', 'keyword': 'BOOT'}
05.07.2016 12:56:04 - keyword_list    [DEBUG   ] {'type': 'EW', 'description': 'auf einem Schiff', 'keyword': 'SCHIFF'}
05.07.2016 12:56:04 - keyword_list    [DEBUG   ] {'type': 'EW', 'description': 'in einem Wald', 'keyword': 'WALD'}
05.07.2016 12:56:04 - keyword_list    [DEBUG   ] {'type': 'EW', 'description': 'an einem LKW', 'keyword': 'LKW'}
05.07.2016 12:56:04 - keyword_list    [DEBUG   ] {'type': 'EW', 'description': 'an einem Flugfahrzeug (<7T)', 'keyword': 'FLUG 1'}
05.07.2016 12:56:04 - keyword_list    [DEBUG   ] {'type': 'EW', 'description': 'an einem Flugfahrzeug (>7T)', 'keyword': 'FLUG 2'}
05.07.2016 12:56:04 - keyword_list    [DEBUG   ] {'type': 'EW', 'description': 'auf dem Wasser', 'keyword': 'WASSER'}
05.07.2016 12:56:04 - keyword_list    [DEBUG   ] {'type': 'EW', 'description': 'auf dem Wasser', 'keyword': 'GEW\xc3\x84SSER'}
05.07.2016 12:56:04 - keyword_list    [DEBUG   ] {'type': 'EW', 'description': 'in einem Geb\xc3\xa4ude', 'keyword': 'HAUS'}
05.07.2016 12:56:04 - keyword_list    [DEBUG   ] {'type': 'EW', 'description': 'Brandsicherheitswache', 'keyword': 'BSW'}
05.07.2016 12:56:04 - keyword_list    [DEBUG   ] {'type': 'EW', 'description': 'Fremdbesetzung', 'keyword': 'FREMD'}
05.07.2016 12:56:04 - keyword_list    [DEBUG   ] {'type': 'EW', 'description': 'auf einer Schnellstra\xc3\x9fe', 'keyword': 'BAB'}
05.07.2016 12:56:04 - keyword_list    [DEBUG   ] {'type': 'EW', 'description': 'T\xc3\xbcr verschlossen', 'keyword': 'TV'}
05.07.2016 12:56:04 - keyword_list    [DEBUG   ] {'type': 'EW', 'description': 'Verlegung', 'keyword': 'VERL'}
05.07.2016 12:56:04 - keyword_list    [DEBUG   ] {'type': 'EW', 'description': '\xc3\xbcberschwerer/adip\xc3\xb6ser Patient bis 180kg', 'keyword': 'ADIP K'}
05.07.2016 12:56:04 - keyword_list    [DEBUG   ] {'type': 'EW', 'description': '\xc3\xbcberschwerer/adip\xc3\xb6ser Patient 180-230kg', 'keyword': 'ADIP'}
05.07.2016 12:56:04 - keyword_list    [DEBUG   ] {'type': 'EW', 'description': '\xc3\xbcberschwerer/adip\xc3\xb6ser Patient > 230kg', 'keyword': 'ADIP G'}
05.07.2016 12:56:04 - keyword_list    [DEBUG   ] {'type': 'EW', 'description': 'Infektionstransport', 'keyword': 'INF'}
05.07.2016 12:56:04 - keyword_list    [DEBUG   ] {'type': 'EW', 'description': None, 'keyword': 'INF G,Infektionstransport Risikogruppe 4"'}
05.07.2016 12:56:04 - keyword_list    [DEBUG   ] {'type': 'EG', 'description': 'Menschenleben in Gefahr', 'keyword': 'Y'}
05.07.2016 12:56:04 - keyword_list    [DEBUG   ] {'type': 'EG', 'description': 'Verletzte an der Einsatzstelle', 'keyword': 'V'}
05.07.2016 12:56:04 - keyword_list    [DEBUG   ] {'type': 'EG', 'description': 'Gro\xc3\x9feinsatz Rettungsdienst Stufe 1', 'keyword': 'R1'}
05.07.2016 12:56:04 - keyword_list    [DEBUG   ] {'type': 'EG', 'description': 'Gro\xc3\x9feinsatz Rettungsdienst Stufe 2', 'keyword': 'R2'}
05.07.2016 12:56:04 - keyword_list    [DEBUG   ] {'type': 'EG', 'description': 'Gro\xc3\x9feinsatz Rettungsdienst Stufe 3', 'keyword': 'R3'}
05.07.2016 12:56:04 - keyword_list    [DEBUG   ] {'type': 'EG', 'description': 'Gef\xc3\xa4hrdung durch Gefahrstoffe (CBRN)', 'keyword': 'X'}
05.07.2016 12:56:04 - keyword_list    [DEBUG   ] {'type': 'EG', 'description': 'Gef\xc3\xa4hrdung durch Gefahrstoffe (CBRN) Menschenleben in Gefahr', 'keyword': 'XY'}
05.07.2016 12:56:04 - keyword_list    [DEBUG   ] {'type': 'EG', 'description': 'Gef\xc3\xa4hrdung durch Gefahrstoffe (CBRN) Verletzte an der Einsatzstelle', 'keyword': 'XV'}
05.07.2016 12:56:04 - keyword_list    [DEBUG   ] {'type': 'EG', 'description': 'Gef\xc3\xa4hrdung durch Gefahrstoffe (CBRN) Gro\xc3\x9feinsatz Rettungsdienst Stufe 1', 'keyword': 'XR1'}
05.07.2016 12:56:04 - keyword_list    [DEBUG   ] {'type': 'EG', 'description': 'Gef\xc3\xa4hrdung durch Gefahrstoffe (CBRN) Gro\xc3\x9feinsatz Rettungsdienst Stufe 2', 'keyword': 'XR2'}
05.07.2016 12:56:04 - keyword_list    [DEBUG   ] {'type': 'EG', 'description': 'Gef\xc3\xa4hrdung durch Gefahrstoffe (CBRN) Gro\xc3\x9feinsatz Rettungsdienst Stufe 3', 'keyword': 'XR3'}
05.07.2016 12:56:04 - keyword_list    [DEBUG   ] {'type': 'EG', 'description': 'zus\xc3\xa4tzlich First Responder', 'keyword': 'FIRST'}
05.07.2016 12:56:04 - keyword_list    [DEBUG   ] {'type': 'EG', 'description': 'und Notarzt', 'keyword': 'NA'}
05.07.2016 12:56:04 - keyword_list    [DEBUG   ] {'type': 'EG', 'description': 'und Notarzt zus\xc3\xa4tzlich First Responder', 'keyword': 'NAFIRST'}
05.07.2016 12:56:04 - keyword_list    [DEBUG   ] {'type': 'EG', 'description': 'Hubrettungsmittel erforderlich', 'keyword': 'DLK'}
05.07.2016 12:56:04 - keyword_list    [DEBUG   ] {'type': 'EG', 'description': 'und Notarzt Hubrettungsmittel erforderlich', 'keyword': 'NADKL'}
05.07.2016 12:56:04 - keyword_list    [DEBUG   ] {'type': 'EG', 'description': 'RTH', 'keyword': 'RTH'}
05.07.2016 12:56:04 - keyword_list    [DEBUG   ] {'type': 'EG', 'description': 'Verlegung mit begleitendem (Klinik-)Arzt', 'keyword': 'ARZT'}
05.07.2016 12:56:04 - keyword_list    [DEBUG   ] {'type': 'EG', 'description': 'Verlegung mit ITW', 'keyword': 'ITW'}
05.07.2016 12:56:04 - keyword_list    [DEBUG   ] -- loading csv finished
05.07.2016 12:56:04 - alarmdisplay    [WARNING ] ! Test-Mode: rtl_fm not started !
05.07.2016 12:56:04 - alarmdisplay    [WARNING ] ! Test-Mode: multimon-ng not started !
05.07.2016 12:56:04 - alarmdisplay    [DEBUG   ] start testing
05.07.2016 12:56:04 - alarmdisplay    [INFO    ] Testdata: POCSAG1200: Address: 1694410  Function: 0  Alpha:   01572 SR (NOTF 01) Test<NUL><NUL>
05.07.2016 12:56:04 - decoder         [DEBUG   ] POCSAG Bitrate: 1200
05.07.2016 12:56:04 - decoder         [INFO    ] POCSAG1200: 1694410 1 01572 SR (NOTF 01) Test 
05.07.2016 12:56:04 - description_list [DEBUG   ] look up description lists
05.07.2016 12:56:04 - description_list [DEBUG   ]  - result for 1694410: 1694410
05.07.2016 12:56:04 - keyword_list    [DEBUG   ] look up keyword description lists
05.07.2016 12:56:04 - keyword_list    [DEBUG   ]  - result for NOTF 01:  Notfalleinsatz RTW
05.07.2016 12:56:04 - alarmHandler    [DEBUG   ] [    ALARM    ]
05.07.2016 12:56:04 - alarmHandler    [DEBUG   ] [END ALARM]
05.07.2016 12:56:04 - doubleFilter    [DEBUG   ] Added 16944101 to doubleList
05.07.2016 12:56:05 - alarmdisplay    [INFO    ] Testdata: POCSAG1200: Address: 1694410  Function: 0  Alpha:   01572 SR (NOTF K 11) Test<NUL><NUL>
05.07.2016 12:56:05 - decoder         [DEBUG   ] POCSAG Bitrate: 1200
05.07.2016 12:56:05 - decoder         [INFO    ] POCSAG1200: 1694410 1 01572 SR (NOTF K 11) Test 
05.07.2016 12:56:05 - description_list [DEBUG   ] look up description lists
05.07.2016 12:56:05 - description_list [DEBUG   ]  - result for 1694410: 1694410
05.07.2016 12:56:05 - keyword_list    [DEBUG   ] look up keyword description lists
05.07.2016 12:56:05 - keyword_list    [DEBUG   ]  - result for NOTF K 11:  Notfalleinsatz klein
05.07.2016 12:56:05 - alarmHandler    [DEBUG   ] [    ALARM    ]
05.07.2016 12:56:05 - alarmHandler    [DEBUG   ] [END ALARM]
05.07.2016 12:56:05 - doubleFilter    [DEBUG   ] Added 16944101 to doubleList
05.07.2016 12:56:06 - alarmdisplay    [INFO    ] Testdata: POCSAG1200: Address: 1694410  Function: 0  Alpha:   01572 SR (FEU) Test<NUL><NUL>
05.07.2016 12:56:06 - decoder         [DEBUG   ] POCSAG Bitrate: 1200
05.07.2016 12:56:06 - decoder         [INFO    ] POCSAG1200: 1694410 1 01572 SR (FEU) Test 
05.07.2016 12:56:06 - description_list [DEBUG   ] look up description lists
05.07.2016 12:56:06 - description_list [DEBUG   ]  - result for 1694410: 1694410
05.07.2016 12:56:06 - keyword_list    [DEBUG   ] look up keyword description lists
05.07.2016 12:56:06 - keyword_list    [DEBUG   ]  - result for FEU:  Feuer
05.07.2016 12:56:06 - alarmHandler    [DEBUG   ] [    ALARM    ]
05.07.2016 12:56:06 - alarmHandler    [DEBUG   ] [END ALARM]
05.07.2016 12:56:06 - doubleFilter    [DEBUG   ] Added 16944101 to doubleList
05.07.2016 12:56:07 - alarmdisplay    [INFO    ] Testdata: POCSAG1200: Address: 1694410  Function: 0  Alpha:   01572 SR (FEU G) Test<NUL><NUL>
05.07.2016 12:56:07 - decoder         [DEBUG   ] POCSAG Bitrate: 1200
05.07.2016 12:56:07 - decoder         [INFO    ] POCSAG1200: 1694410 1 01572 SR (FEU G) Test 
05.07.2016 12:56:07 - description_list [DEBUG   ] look up description lists
05.07.2016 12:56:07 - description_list [DEBUG   ]  - result for 1694410: 1694410
05.07.2016 12:56:07 - keyword_list    [DEBUG   ] look up keyword description lists
05.07.2016 12:56:07 - keyword_list    [DEBUG   ]  - result for FEU G:  Feuer groß
05.07.2016 12:56:07 - alarmHandler    [DEBUG   ] [    ALARM    ]
05.07.2016 12:56:07 - alarmHandler    [DEBUG   ] [END ALARM]
05.07.2016 12:56:08 - doubleFilter    [DEBUG   ] Added 16944101 to doubleList
05.07.2016 12:56:09 - alarmdisplay    [INFO    ] Testdata: POCSAG1200: Address: 1694410  Function: 0  Alpha:   01572 SR (FEU 2) Test<NUL><NUL>
05.07.2016 12:56:09 - decoder         [DEBUG   ] POCSAG Bitrate: 1200
05.07.2016 12:56:09 - decoder         [INFO    ] POCSAG1200: 1694410 1 01572 SR (FEU 2) Test 
05.07.2016 12:56:09 - description_list [DEBUG   ] look up description lists
05.07.2016 12:56:09 - description_list [DEBUG   ]  - result for 1694410: 1694410
05.07.2016 12:56:09 - keyword_list    [DEBUG   ] look up keyword description lists
05.07.2016 12:56:09 - keyword_list    [DEBUG   ]  - result for FEU 2:  Feuer 2 Löschzüge
05.07.2016 12:56:09 - alarmHandler    [DEBUG   ] [    ALARM    ]
05.07.2016 12:56:09 - alarmHandler    [DEBUG   ] [END ALARM]
05.07.2016 12:56:09 - doubleFilter    [DEBUG   ] Added 16944101 to doubleList
05.07.2016 12:56:10 - alarmdisplay    [INFO    ] Testdata: POCSAG1200: Address: 1694410  Function: 0  Alpha:   01572 SR (FEU BAHN Y) Test<NUL><NUL>
05.07.2016 12:56:10 - decoder         [DEBUG   ] POCSAG Bitrate: 1200
05.07.2016 12:56:10 - decoder         [INFO    ] POCSAG1200: 1694410 1 01572 SR (FEU BAHN Y) Test 
05.07.2016 12:56:10 - description_list [DEBUG   ] look up description lists
05.07.2016 12:56:10 - description_list [DEBUG   ]  - result for 1694410: 1694410
05.07.2016 12:56:10 - keyword_list    [DEBUG   ] look up keyword description lists
05.07.2016 12:56:10 - keyword_list    [DEBUG   ]  - result for FEU BAHN Y:  Feuer im Bahnbereich Menschenleben in Gefahr
05.07.2016 12:56:10 - alarmHandler    [DEBUG   ] [    ALARM    ]
05.07.2016 12:56:10 - alarmHandler    [DEBUG   ] [END ALARM]
05.07.2016 12:56:10 - doubleFilter    [DEBUG   ] Added 16944101 to doubleList
05.07.2016 12:56:11 - alarmdisplay    [DEBUG   ] test finished
05.07.2016 12:56:11 - alarmdisplay    [DEBUG   ] Alarmdisplay shutting down
05.07.2016 12:56:11 - alarmdisplay    [DEBUG   ] exiting Alarmdisplay
05.07.2016 12:56:11 - alarmdisplay    [DEBUG   ] closing logging
05.07.2016 12:56:11 - alarmdisplay    [INFO    ] Alarmdisplay exit()
